{"/Play/typescraps/src/main.ts": {"path":"/Play/typescraps/src/main.ts","statementMap":{"0":{"start":{"line":1,"column":0},"end":{"line":1,"column":51}},"1":{"start":{"line":6,"column":0},"end":{"line":6,"column":49}},"2":{"start":{"line":7,"column":0},"end":{"line":7,"column":43}},"3":{"start":{"line":9,"column":18},"end":{"line":9,"column":30}},"4":{"start":{"line":10,"column":17},"end":{"line":10,"column":24}},"5":{"start":{"line":12,"column":13},"end":{"line":20,"column":null}},"6":{"start":{"line":12,"column":45},"end":{"line":20,"column":null}},"7":{"start":{"line":13,"column":19},"end":{"line":13,"column":37}},"8":{"start":{"line":15,"column":20},"end":{"line":15,"column":41}},"9":{"start":{"line":17,"column":21},"end":{"line":17,"column":41}},"10":{"start":{"line":19,"column":2},"end":{"line":19,"column":null}}},"fnMap":{"0":{"name":"(anonymous_0)","decl":{"start":{"line":12,"column":20},"end":{"line":12,"column":27}},"loc":{"start":{"line":12,"column":45},"end":{"line":20,"column":null}}},"1":{"name":"(anonymous_1)","decl":{"start":{"line":12,"column":45},"end":{"line":12,"column":null}},"loc":{"start":{"line":12,"column":45},"end":{"line":20,"column":1}}}},"branchMap":{},"s":{"0":1,"1":1,"2":1,"3":1,"4":1,"5":1,"6":1,"7":1,"8":1,"9":1,"10":1},"f":{"0":1,"1":1},"b":{}}
,"/Play/typescraps/src/inputs/vanilla.ts": {"path":"/Play/typescraps/src/inputs/vanilla.ts","statementMap":{"0":{"start":{"line":11,"column":13},"end":{"line":19,"column":null}},"1":{"start":{"line":11,"column":72},"end":{"line":19,"column":null}},"2":{"start":{"line":12,"column":2},"end":{"line":18,"column":null}}},"fnMap":{"0":{"name":"(anonymous_0)","decl":{"start":{"line":11,"column":23},"end":{"line":11,"column":30}},"loc":{"start":{"line":11,"column":72},"end":{"line":19,"column":null}}},"1":{"name":"(anonymous_1)","decl":{"start":{"line":11,"column":72},"end":{"line":11,"column":null}},"loc":{"start":{"line":11,"column":72},"end":{"line":19,"column":1}}}},"branchMap":{},"s":{"0":1,"1":1,"2":1},"f":{"0":1,"1":1},"b":{}}
,"/Play/typescraps/src/outputs/convert.ts": {"path":"/Play/typescraps/src/outputs/convert.ts","statementMap":{"0":{"start":{"line":3,"column":13},"end":{"line":19,"column":null}},"1":{"start":{"line":9,"column":2},"end":{"line":18,"column":null}}},"fnMap":{"0":{"name":"(anonymous_0)","decl":{"start":{"line":3,"column":23},"end":{"line":3,"column":24}},"loc":{"start":{"line":8,"column":17},"end":{"line":19,"column":1}}}},"branchMap":{},"s":{"0":1,"1":1},"f":{"0":1},"b":{}}
,"/Play/typescraps/src/processors/basic.ts": {"path":"/Play/typescraps/src/processors/basic.ts","statementMap":{"0":{"start":{"line":9,"column":13},"end":{"line":24,"column":null}},"1":{"start":{"line":13,"column":11},"end":{"line":13,"column":null}},"2":{"start":{"line":14,"column":2},"end":{"line":14,"column":9}},"3":{"start":{"line":16,"column":2},"end":{"line":22,"column":null}},"4":{"start":{"line":17,"column":37},"end":{"line":17,"column":57}}},"fnMap":{"0":{"name":"(anonymous_0)","decl":{"start":{"line":9,"column":28},"end":{"line":9,"column":29}},"loc":{"start":{"line":15,"column":16},"end":{"line":24,"column":1}}},"1":{"name":"(anonymous_1)","decl":{"start":{"line":17,"column":25},"end":{"line":17,"column":26}},"loc":{"start":{"line":17,"column":37},"end":{"line":17,"column":57}}}},"branchMap":{},"s":{"0":1,"1":1,"2":1,"3":1,"4":3},"f":{"0":1,"1":3},"b":{}}
}
